[GIN-debug] [WARNING] Running in "debug" mode. Switch to "release" mode in production.
 - using env:	export GIN_MODE=release
 - using code:	gin.SetMode(gin.ReleaseMode)

[GIN-debug] GET    /videos                   --> main.main.func1 (5 handlers)
[GIN-debug] POST   /videos                   --> main.main.func2 (5 handlers)
[GIN-debug] [WARNING] You trusted all proxies, this is NOT safe. We recommend you to set a value.
Please check https://pkg.go.dev/github.com/gin-gonic/gin#readme-don-t-trust-all-proxies for details.
[GIN-debug] Listening and serving HTTP on :9999
::1 - [Sun, 28 Jan 2024 19:59:23 +07] GET /videos 200 1.0927ms 
::1 - [Sun, 28 Jan 2024 19:59:26 +07] POST /videos 200 755.8µs 
::1 - [Sun, 28 Jan 2024 19:59:29 +07] GET /videos 200 88.3µs 
::1 - [Sun, 28 Jan 2024 20:02:59 +07] POST /videos 400 1.1978ms 
::1 - [Sun, 28 Jan 2024 20:03:13 +07] GET /videos 200 461.7µs 
::1 - [Sun, 28 Jan 2024 20:03:19 +07] POST /videos 400 796µs 
::1 - [Sun, 28 Jan 2024 20:03:30 +07] POST /videos 200 958µs 
::1 - [Sun, 28 Jan 2024 20:03:38 +07] POST /videos 400 877µs 
::1 - [Sun, 28 Jan 2024 20:03:57 +07] GET /videos 200 129.4µs 
::1 - [Sun, 28 Jan 2024 20:04:27 +07] POST /videos 200 782.4µs 
::1 - [Sun, 28 Jan 2024 20:04:34 +07] POST /videos 400 1.2632ms 
::1 - [Sun, 28 Jan 2024 20:04:38 +07] GET /videos 200 197.1µs 
::1 - [Sun, 28 Jan 2024 20:05:04 +07] POST /videos 200 501.4µs 
::1 - [Sun, 28 Jan 2024 20:05:08 +07] GET /videos 200 845.7µs 
